2026-04-04 01:46:21,403 | Experiment | INFO | run_experiment:66 | ======================================================================
2026-04-04 01:46:21,404 | Experiment | INFO | run_experiment:67 |   PREDICTIVE & PREFERENCE-AWARE COMPILER OPTIMIZATION EXPERIMENT
2026-04-04 01:46:21,405 | Experiment | INFO | run_experiment:68 |   M.Tech Project - NIT Tiruchirappalli
2026-04-04 01:46:21,405 | Experiment | INFO | run_experiment:69 | ======================================================================
2026-04-04 01:46:21,405 | Experiment | INFO | run_experiment:74 | 
==================================================
2026-04-04 01:46:21,405 | Experiment | INFO | run_experiment:75 | PHASE 1: DATASET GENERATION
2026-04-04 01:46:21,406 | Experiment | INFO | run_experiment:76 | ==================================================
2026-04-04 01:46:23,541 | Experiment | INFO | run_experiment:79 | Dataset: train=(944, 69), val=(202, 69), test=(204, 69)
2026-04-04 01:46:23,542 | Experiment | INFO | run_experiment:84 | 
==================================================
2026-04-04 01:46:23,542 | Experiment | INFO | run_experiment:85 | PHASE 2: MODEL TRAINING
2026-04-04 01:46:23,542 | Experiment | INFO | run_experiment:86 | ==================================================
2026-04-04 01:46:23,542 | Experiment | INFO | run_experiment:89 | 
--- Random Forest ---
2026-04-04 01:46:37,847 | Experiment | INFO | run_experiment:94 | 
--- XGBoost ---
2026-04-04 01:46:39,165 | Experiment | INFO | run_experiment:99 | 
--- Deep Neural Network ---
2026-04-04 01:46:39,418 | Experiment | INFO | run_experiment:104 | 
--- Ensemble (RF + XGBoost + DNN) ---
2026-04-04 01:46:57,456 | Experiment | INFO | run_experiment:109 | 
--- Base Paper (Decision Tree) ---
2026-04-04 01:46:57,528 | Experiment | INFO | run_experiment:113 | 
--- Base Paper (KNN) ---
2026-04-04 01:46:57,752 | Experiment | INFO | run_experiment:120 | 
==================================================
2026-04-04 01:46:57,753 | Experiment | INFO | run_experiment:121 | PHASE 3: EVALUATION
2026-04-04 01:46:57,753 | Experiment | INFO | run_experiment:122 | ==================================================
2026-04-04 01:46:57,754 | Experiment | INFO | run_experiment:140 | 
Evaluating: Random Forest
2026-04-04 01:46:58,006 | Experiment | INFO | run_experiment:140 | 
Evaluating: XGBoost
2026-04-04 01:46:58,190 | Experiment | INFO | run_experiment:140 | 
Evaluating: DNN
2026-04-04 01:46:58,237 | Experiment | INFO | run_experiment:140 | 
Evaluating: Ensemble
2026-04-04 01:46:58,588 | Experiment | INFO | run_experiment:140 | 
Evaluating: Base Paper (DT)
2026-04-04 01:46:58,613 | Experiment | INFO | run_experiment:140 | 
Evaluating: Base Paper (KNN)
2026-04-04 01:46:58,646 | Experiment | INFO | run_experiment:145 | 
--- Standard Level Baselines ---
2026-04-04 01:46:58,711 | Experiment | INFO | run_experiment:151 | 
--- Iterative Compilation Baseline ---
2026-04-04 01:47:07,858 | Experiment | INFO | run_experiment:160 | 
--- Computing Speedups ---
2026-04-04 01:47:12,442 | Experiment | INFO | run_experiment:189 | 
--- Adaptability Analysis ---
2026-04-04 01:47:13,154 | Experiment | INFO | run_experiment:198 | Adaptability Score: 0.7611
2026-04-04 01:47:13,409 | Experiment | INFO | run_experiment:214 | 
==================================================
2026-04-04 01:47:13,410 | Experiment | INFO | run_experiment:215 | PHASE 4: COMPREHENSIVE RESULTS
2026-04-04 01:47:13,410 | Experiment | INFO | run_experiment:216 | ==================================================
2026-04-04 01:47:13,506 | Experiment | INFO | run_experiment:260 | 
==================================================
2026-04-04 01:47:13,506 | Experiment | INFO | run_experiment:261 | PHASE 5: GENERATING VISUALIZATIONS
2026-04-04 01:47:13,506 | Experiment | INFO | run_experiment:262 | ==================================================
2026-04-04 01:47:27,727 | Experiment | INFO | run_experiment:341 | 
==================================================
2026-04-04 01:47:27,728 | Experiment | INFO | run_experiment:342 | PHASE 6: STATISTICAL SIGNIFICANCE TESTING
2026-04-04 01:47:27,728 | Experiment | INFO | run_experiment:343 | ==================================================
2026-04-04 01:47:27,735 | Experiment | INFO | run_experiment:348 | Paired t-test (Our vs O3): t=-11.2256, p=0.000000, significant=True
2026-04-04 01:47:27,738 | Experiment | INFO | run_experiment:352 | Wilcoxon test: p=0.000000, significant=True
2026-04-04 01:47:27,804 | Experiment | INFO | run_experiment:356 | Bootstrap 95% CI for speedup difference: [-0.2579, -0.1820]
2026-04-04 01:47:27,804 | Experiment | INFO | run_experiment:360 | Cohen's d effect size: -2.0495
2026-04-04 01:47:27,806 | Experiment | INFO | run_experiment:404 | 
======================================================================
2026-04-04 01:47:27,806 | Experiment | INFO | run_experiment:405 |   EXPERIMENT COMPLETE
2026-04-04 01:47:27,806 | Experiment | INFO | run_experiment:406 |   Total time: 66.40s
2026-04-04 01:47:27,807 | Experiment | INFO | run_experiment:407 |   Best model: DNN
2026-04-04 01:47:27,807 | Experiment | INFO | run_experiment:408 |   Best F1-macro: 0.9035
2026-04-04 01:47:27,807 | Experiment | INFO | run_experiment:409 |   Speedup vs O3: 0.8278x
2026-04-04 01:47:27,807 | Experiment | INFO | run_experiment:410 |   Adaptability: 0.7611
2026-04-04 01:47:27,808 | Experiment | INFO | run_experiment:411 |   Results saved to: results/
2026-04-04 01:47:27,808 | Experiment | INFO | run_experiment:412 | ======================================================================
