2026-03-29 12:58:44,644 | Experiment | INFO | run_experiment:66 | ======================================================================
2026-03-29 12:58:44,644 | Experiment | INFO | run_experiment:67 |   PREDICTIVE & PREFERENCE-AWARE COMPILER OPTIMIZATION EXPERIMENT
2026-03-29 12:58:44,644 | Experiment | INFO | run_experiment:68 |   M.Tech Project - NIT Tiruchirappalli
2026-03-29 12:58:44,644 | Experiment | INFO | run_experiment:69 | ======================================================================
2026-03-29 12:58:44,644 | Experiment | INFO | run_experiment:74 | 
==================================================
2026-03-29 12:58:44,645 | Experiment | INFO | run_experiment:75 | PHASE 1: DATASET GENERATION
2026-03-29 12:58:44,645 | Experiment | INFO | run_experiment:76 | ==================================================
2026-03-29 12:58:46,426 | Experiment | INFO | run_experiment:79 | Dataset: train=(944, 69), val=(202, 69), test=(204, 69)
2026-03-29 12:58:46,427 | Experiment | INFO | run_experiment:84 | 
==================================================
2026-03-29 12:58:46,427 | Experiment | INFO | run_experiment:85 | PHASE 2: MODEL TRAINING
2026-03-29 12:58:46,428 | Experiment | INFO | run_experiment:86 | ==================================================
2026-03-29 12:58:46,428 | Experiment | INFO | run_experiment:89 | 
--- Random Forest ---
2026-03-29 12:59:00,914 | Experiment | INFO | run_experiment:94 | 
--- XGBoost ---
2026-03-29 12:59:02,376 | Experiment | INFO | run_experiment:99 | 
--- Deep Neural Network ---
2026-03-29 12:59:02,609 | Experiment | INFO | run_experiment:104 | 
--- Ensemble (RF + XGBoost + DNN) ---
2026-03-29 12:59:20,657 | Experiment | INFO | run_experiment:109 | 
--- Base Paper (Decision Tree) ---
2026-03-29 12:59:20,743 | Experiment | INFO | run_experiment:113 | 
--- Base Paper (KNN) ---
2026-03-29 12:59:20,881 | Experiment | INFO | run_experiment:120 | 
==================================================
2026-03-29 12:59:20,882 | Experiment | INFO | run_experiment:121 | PHASE 3: EVALUATION
2026-03-29 12:59:20,882 | Experiment | INFO | run_experiment:122 | ==================================================
2026-03-29 12:59:20,883 | Experiment | INFO | run_experiment:140 | 
Evaluating: Random Forest
2026-03-29 12:59:21,129 | Experiment | INFO | run_experiment:140 | 
Evaluating: XGBoost
2026-03-29 12:59:21,313 | Experiment | INFO | run_experiment:140 | 
Evaluating: DNN
2026-03-29 12:59:21,357 | Experiment | INFO | run_experiment:140 | 
Evaluating: Ensemble
2026-03-29 12:59:21,664 | Experiment | INFO | run_experiment:140 | 
Evaluating: Base Paper (DT)
2026-03-29 12:59:21,684 | Experiment | INFO | run_experiment:140 | 
Evaluating: Base Paper (KNN)
2026-03-29 12:59:21,729 | Experiment | INFO | run_experiment:145 | 
--- Standard Level Baselines ---
2026-03-29 12:59:21,822 | Experiment | INFO | run_experiment:151 | 
--- Iterative Compilation Baseline ---
2026-03-29 12:59:30,202 | Experiment | INFO | run_experiment:160 | 
--- Computing Speedups ---
2026-03-29 12:59:35,793 | Experiment | INFO | run_experiment:189 | 
--- Adaptability Analysis ---
2026-03-29 12:59:36,659 | Experiment | INFO | run_experiment:198 | Adaptability Score: 0.7556
2026-03-29 12:59:36,968 | Experiment | INFO | run_experiment:214 | 
==================================================
2026-03-29 12:59:36,969 | Experiment | INFO | run_experiment:215 | PHASE 4: COMPREHENSIVE RESULTS
2026-03-29 12:59:36,969 | Experiment | INFO | run_experiment:216 | ==================================================
2026-03-29 12:59:37,021 | Experiment | INFO | run_experiment:260 | 
==================================================
2026-03-29 12:59:37,021 | Experiment | INFO | run_experiment:261 | PHASE 5: GENERATING VISUALIZATIONS
2026-03-29 12:59:37,021 | Experiment | INFO | run_experiment:262 | ==================================================
2026-03-29 12:59:53,214 | Experiment | INFO | run_experiment:341 | 
==================================================
2026-03-29 12:59:53,214 | Experiment | INFO | run_experiment:342 | PHASE 6: STATISTICAL SIGNIFICANCE TESTING
2026-03-29 12:59:53,215 | Experiment | INFO | run_experiment:343 | ==================================================
2026-03-29 12:59:53,219 | Experiment | INFO | run_experiment:348 | Paired t-test (Our vs O3): t=-15.2954, p=0.000000, significant=True
2026-03-29 12:59:53,223 | Experiment | INFO | run_experiment:352 | Wilcoxon test: p=0.000000, significant=True
2026-03-29 12:59:53,287 | Experiment | INFO | run_experiment:356 | Bootstrap 95% CI for speedup difference: [-0.2941, -0.2271]
2026-03-29 12:59:53,288 | Experiment | INFO | run_experiment:360 | Cohen's d effect size: -2.7925
2026-03-29 12:59:53,289 | Experiment | INFO | run_experiment:404 | 
======================================================================
2026-03-29 12:59:53,289 | Experiment | INFO | run_experiment:405 |   EXPERIMENT COMPLETE
2026-03-29 12:59:53,289 | Experiment | INFO | run_experiment:406 |   Total time: 68.64s
2026-03-29 12:59:53,289 | Experiment | INFO | run_experiment:407 |   Best model: DNN
2026-03-29 12:59:53,289 | Experiment | INFO | run_experiment:408 |   Best F1-macro: 0.9832
2026-03-29 12:59:53,289 | Experiment | INFO | run_experiment:409 |   Speedup vs O3: 0.7979x
2026-03-29 12:59:53,290 | Experiment | INFO | run_experiment:410 |   Adaptability: 0.7556
2026-03-29 12:59:53,290 | Experiment | INFO | run_experiment:411 |   Results saved to: results/
2026-03-29 12:59:53,290 | Experiment | INFO | run_experiment:412 | ======================================================================
