2026-05-04 23:54:18,591 | Experiment | INFO | run_experiment:66 | ======================================================================
2026-05-04 23:54:18,592 | Experiment | INFO | run_experiment:67 |   PREDICTIVE & PREFERENCE-AWARE COMPILER OPTIMIZATION EXPERIMENT
2026-05-04 23:54:18,592 | Experiment | INFO | run_experiment:68 |   M.Tech Project - NIT Tiruchirappalli
2026-05-04 23:54:18,593 | Experiment | INFO | run_experiment:69 | ======================================================================
2026-05-04 23:54:18,593 | Experiment | INFO | run_experiment:74 | 
==================================================
2026-05-04 23:54:18,593 | Experiment | INFO | run_experiment:75 | PHASE 1: DATASET GENERATION
2026-05-04 23:54:18,593 | Experiment | INFO | run_experiment:76 | ==================================================
2026-05-04 23:54:22,750 | Experiment | INFO | run_experiment:85 | Dataset: train=(21000, 95), val=(90, 95), test=(90, 95)
2026-05-04 23:54:22,750 | Experiment | INFO | run_experiment:90 | 
==================================================
2026-05-04 23:54:22,751 | Experiment | INFO | run_experiment:91 | PHASE 2: MODEL TRAINING
2026-05-04 23:54:22,751 | Experiment | INFO | run_experiment:92 | ==================================================
2026-05-04 23:54:22,751 | Experiment | INFO | run_experiment:95 | 
--- Random Forest ---
2026-05-05 00:00:32,298 | Experiment | INFO | run_experiment:100 | 
--- XGBoost ---
2026-05-05 00:00:47,094 | Experiment | INFO | run_experiment:105 | 
--- Deep Neural Network ---
2026-05-05 00:01:31,399 | Experiment | INFO | run_experiment:110 | 
--- Ensemble (RF + XGBoost + DNN) ---
2026-05-05 00:08:36,324 | Experiment | INFO | run_experiment:115 | 
--- Base Paper (Decision Tree) ---
2026-05-05 00:08:39,155 | Experiment | INFO | run_experiment:119 | 
--- Base Paper (KNN) ---
2026-05-05 00:08:39,356 | Experiment | INFO | run_experiment:126 | 
==================================================
2026-05-05 00:08:39,356 | Experiment | INFO | run_experiment:127 | PHASE 3: EVALUATION
2026-05-05 00:08:39,357 | Experiment | INFO | run_experiment:128 | ==================================================
2026-05-05 00:08:39,359 | Experiment | INFO | run_experiment:146 | 
Evaluating: Random Forest
2026-05-05 00:08:39,688 | Experiment | INFO | run_experiment:146 | 
Evaluating: XGBoost
2026-05-05 00:08:39,929 | Experiment | INFO | run_experiment:146 | 
Evaluating: DNN
2026-05-05 00:08:40,055 | Experiment | INFO | run_experiment:146 | 
Evaluating: Ensemble
2026-05-05 00:08:40,979 | Experiment | INFO | run_experiment:146 | 
Evaluating: Base Paper (DT)
2026-05-05 00:08:41,035 | Experiment | INFO | run_experiment:146 | 
Evaluating: Base Paper (KNN)
2026-05-05 00:08:41,110 | Experiment | INFO | run_experiment:151 | 
--- Standard Level Baselines ---
2026-05-05 00:08:41,189 | Experiment | INFO | run_experiment:157 | 
--- Iterative Compilation Baseline ---
2026-05-05 00:08:48,856 | Experiment | INFO | run_experiment:166 | 
--- Computing Speedups ---
2026-05-05 00:08:57,951 | Experiment | INFO | run_experiment:195 | 
--- Adaptability Analysis ---
2026-05-05 00:08:59,407 | Experiment | INFO | run_experiment:204 | Adaptability Score: 0.7500
2026-05-05 00:08:59,840 | Experiment | INFO | run_experiment:220 | 
==================================================
2026-05-05 00:08:59,840 | Experiment | INFO | run_experiment:221 | PHASE 4: COMPREHENSIVE RESULTS
2026-05-05 00:08:59,840 | Experiment | INFO | run_experiment:222 | ==================================================
2026-05-05 00:08:59,893 | Experiment | INFO | run_experiment:267 | 
==================================================
2026-05-05 00:08:59,894 | Experiment | INFO | run_experiment:268 | PHASE 5: GENERATING VISUALIZATIONS
2026-05-05 00:08:59,894 | Experiment | INFO | run_experiment:269 | ==================================================
2026-05-05 00:09:10,364 | Experiment | INFO | run_experiment:349 | 
==================================================
2026-05-05 00:09:10,365 | Experiment | INFO | run_experiment:350 | PHASE 6: STATISTICAL SIGNIFICANCE TESTING
2026-05-05 00:09:10,365 | Experiment | INFO | run_experiment:351 | ==================================================
2026-05-05 00:09:10,370 | Experiment | INFO | run_experiment:356 | Paired t-test (Our vs O3): t=-24.8284, p=0.000000, significant=True
2026-05-05 00:09:10,373 | Experiment | INFO | run_experiment:360 | Wilcoxon test: p=0.000000, significant=True
2026-05-05 00:09:10,423 | Experiment | INFO | run_experiment:364 | Bootstrap 95% CI for speedup difference: [-0.3113, -0.2640]
2026-05-05 00:09:10,424 | Experiment | INFO | run_experiment:368 | Cohen's d effect size: -4.5330
2026-05-05 00:09:10,426 | Experiment | INFO | run_experiment:420 | 
======================================================================
2026-05-05 00:09:10,426 | Experiment | INFO | run_experiment:421 |   EXPERIMENT COMPLETE
2026-05-05 00:09:10,426 | Experiment | INFO | run_experiment:422 |   Total time: 891.83s
2026-05-05 00:09:10,427 | Experiment | INFO | run_experiment:423 |   Best model: Ensemble
2026-05-05 00:09:10,427 | Experiment | INFO | run_experiment:424 |   Best F1-macro: 0.4459
2026-05-05 00:09:10,427 | Experiment | INFO | run_experiment:425 |   Speedup vs O3: 0.7804x
2026-05-05 00:09:10,427 | Experiment | INFO | run_experiment:426 |   Adaptability: 0.7500
2026-05-05 00:09:10,428 | Experiment | INFO | run_experiment:427 |   Results saved to: result_real/
2026-05-05 00:09:10,428 | Experiment | INFO | run_experiment:428 | ======================================================================
