2026-05-04 00:36:22,340 | Experiment | INFO | run_experiment:66 | ======================================================================
2026-05-04 00:36:22,341 | Experiment | INFO | run_experiment:67 |   PREDICTIVE & PREFERENCE-AWARE COMPILER OPTIMIZATION EXPERIMENT
2026-05-04 00:36:22,341 | Experiment | INFO | run_experiment:68 |   M.Tech Project - NIT Tiruchirappalli
2026-05-04 00:36:22,341 | Experiment | INFO | run_experiment:69 | ======================================================================
2026-05-04 00:36:22,341 | Experiment | INFO | run_experiment:74 | 
==================================================
2026-05-04 00:36:22,341 | Experiment | INFO | run_experiment:75 | PHASE 1: DATASET GENERATION
2026-05-04 00:36:22,341 | Experiment | INFO | run_experiment:76 | ==================================================
2026-05-04 00:36:26,061 | Experiment | INFO | run_experiment:85 | Dataset: train=(21000, 95), val=(4500, 95), test=(4500, 95)
2026-05-04 00:36:26,062 | Experiment | INFO | run_experiment:90 | 
==================================================
2026-05-04 00:36:26,062 | Experiment | INFO | run_experiment:91 | PHASE 2: MODEL TRAINING
2026-05-04 00:36:26,062 | Experiment | INFO | run_experiment:92 | ==================================================
2026-05-04 00:36:26,062 | Experiment | INFO | run_experiment:95 | 
--- Random Forest ---
2026-05-04 00:43:42,304 | Experiment | INFO | run_experiment:100 | 
--- XGBoost ---
2026-05-04 00:44:01,527 | Experiment | INFO | run_experiment:105 | 
--- Deep Neural Network ---
2026-05-04 00:45:04,355 | Experiment | INFO | run_experiment:110 | 
--- Ensemble (RF + XGBoost + DNN) ---
2026-05-04 00:52:52,183 | Experiment | INFO | run_experiment:115 | 
--- Base Paper (Decision Tree) ---
2026-05-04 00:52:55,258 | Experiment | INFO | run_experiment:119 | 
--- Base Paper (KNN) ---
2026-05-04 00:52:56,294 | Experiment | INFO | run_experiment:126 | 
==================================================
2026-05-04 00:52:56,294 | Experiment | INFO | run_experiment:127 | PHASE 3: EVALUATION
2026-05-04 00:52:56,295 | Experiment | INFO | run_experiment:128 | ==================================================
2026-05-04 00:52:56,297 | Experiment | INFO | run_experiment:146 | 
Evaluating: Random Forest
2026-05-04 00:52:57,188 | Experiment | INFO | run_experiment:146 | 
Evaluating: XGBoost
2026-05-04 00:52:57,713 | Experiment | INFO | run_experiment:146 | 
Evaluating: DNN
2026-05-04 00:53:02,883 | Experiment | INFO | run_experiment:146 | 
Evaluating: Ensemble
2026-05-04 00:53:08,638 | Experiment | INFO | run_experiment:146 | 
Evaluating: Base Paper (DT)
2026-05-04 00:53:08,671 | Experiment | INFO | run_experiment:146 | 
Evaluating: Base Paper (KNN)
2026-05-04 00:53:09,627 | Experiment | INFO | run_experiment:151 | 
--- Standard Level Baselines ---
2026-05-04 00:53:09,710 | Experiment | INFO | run_experiment:157 | 
--- Iterative Compilation Baseline ---
2026-05-04 00:53:17,901 | Experiment | INFO | run_experiment:166 | 
--- Computing Speedups ---
2026-05-04 00:53:26,531 | Experiment | INFO | run_experiment:195 | 
--- Adaptability Analysis ---
2026-05-04 00:53:28,007 | Experiment | INFO | run_experiment:204 | Adaptability Score: 0.7333
2026-05-04 00:53:33,396 | Experiment | INFO | run_experiment:220 | 
==================================================
2026-05-04 00:53:33,397 | Experiment | INFO | run_experiment:221 | PHASE 4: COMPREHENSIVE RESULTS
2026-05-04 00:53:33,397 | Experiment | INFO | run_experiment:222 | ==================================================
2026-05-04 00:53:33,441 | Experiment | INFO | run_experiment:267 | 
==================================================
2026-05-04 00:53:33,444 | Experiment | INFO | run_experiment:268 | PHASE 5: GENERATING VISUALIZATIONS
2026-05-04 00:53:33,444 | Experiment | INFO | run_experiment:269 | ==================================================
2026-05-04 00:53:46,417 | Experiment | INFO | run_experiment:349 | 
==================================================
2026-05-04 00:53:46,418 | Experiment | INFO | run_experiment:350 | PHASE 6: STATISTICAL SIGNIFICANCE TESTING
2026-05-04 00:53:46,419 | Experiment | INFO | run_experiment:351 | ==================================================
2026-05-04 00:53:46,422 | Experiment | INFO | run_experiment:356 | Paired t-test (Our vs O3): t=-22.2245, p=0.000000, significant=True
2026-05-04 00:53:46,425 | Experiment | INFO | run_experiment:360 | Wilcoxon test: p=0.000000, significant=True
2026-05-04 00:53:46,481 | Experiment | INFO | run_experiment:364 | Bootstrap 95% CI for speedup difference: [-0.3046, -0.2580]
2026-05-04 00:53:46,483 | Experiment | INFO | run_experiment:368 | Cohen's d effect size: -4.0576
2026-05-04 00:53:46,484 | Experiment | INFO | run_experiment:412 | 
======================================================================
2026-05-04 00:53:46,485 | Experiment | INFO | run_experiment:413 |   EXPERIMENT COMPLETE
2026-05-04 00:53:46,487 | Experiment | INFO | run_experiment:414 |   Total time: 1044.14s
2026-05-04 00:53:46,488 | Experiment | INFO | run_experiment:415 |   Best model: Ensemble
2026-05-04 00:53:46,488 | Experiment | INFO | run_experiment:416 |   Best F1-macro: 0.9955
2026-05-04 00:53:46,488 | Experiment | INFO | run_experiment:417 |   Speedup vs O3: 0.7848x
2026-05-04 00:53:46,488 | Experiment | INFO | run_experiment:418 |   Adaptability: 0.7333
2026-05-04 00:53:46,490 | Experiment | INFO | run_experiment:419 |   Results saved to: result_30k/
2026-05-04 00:53:46,490 | Experiment | INFO | run_experiment:420 | ======================================================================
