2026-05-05 00:16:21,323 | Experiment | INFO | run_experiment:66 | ======================================================================
2026-05-05 00:16:21,323 | Experiment | INFO | run_experiment:67 |   PREDICTIVE & PREFERENCE-AWARE COMPILER OPTIMIZATION EXPERIMENT
2026-05-05 00:16:21,323 | Experiment | INFO | run_experiment:68 |   M.Tech Project - NIT Tiruchirappalli
2026-05-05 00:16:21,323 | Experiment | INFO | run_experiment:69 | ======================================================================
2026-05-05 00:16:21,324 | Experiment | INFO | run_experiment:74 | 
==================================================
2026-05-05 00:16:21,324 | Experiment | INFO | run_experiment:75 | PHASE 1: DATASET GENERATION
2026-05-05 00:16:21,324 | Experiment | INFO | run_experiment:76 | ==================================================
2026-05-05 00:16:29,951 | Experiment | INFO | run_experiment:85 | Dataset: train=(25200, 95), val=(270, 95), test=(270, 95)
2026-05-05 00:16:29,951 | Experiment | INFO | run_experiment:90 | 
==================================================
2026-05-05 00:16:29,951 | Experiment | INFO | run_experiment:91 | PHASE 2: MODEL TRAINING
2026-05-05 00:16:29,952 | Experiment | INFO | run_experiment:92 | ==================================================
2026-05-05 00:16:29,952 | Experiment | INFO | run_experiment:95 | 
--- Random Forest ---
2026-05-05 00:25:26,319 | Experiment | INFO | run_experiment:100 | 
--- XGBoost ---
2026-05-05 00:25:45,997 | Experiment | INFO | run_experiment:105 | 
--- Deep Neural Network ---
2026-05-05 00:27:39,718 | Experiment | INFO | run_experiment:110 | 
--- Ensemble (RF + XGBoost + DNN) ---
2026-05-05 00:38:21,363 | Experiment | INFO | run_experiment:115 | 
--- Base Paper (Decision Tree) ---
2026-05-05 00:38:24,920 | Experiment | INFO | run_experiment:119 | 
--- Base Paper (KNN) ---
2026-05-05 00:38:25,124 | Experiment | INFO | run_experiment:126 | 
==================================================
2026-05-05 00:38:25,124 | Experiment | INFO | run_experiment:127 | PHASE 3: EVALUATION
2026-05-05 00:38:25,124 | Experiment | INFO | run_experiment:128 | ==================================================
2026-05-05 00:38:25,127 | Experiment | INFO | run_experiment:146 | 
Evaluating: Random Forest
2026-05-05 00:38:25,428 | Experiment | INFO | run_experiment:146 | 
Evaluating: XGBoost
2026-05-05 00:38:25,715 | Experiment | INFO | run_experiment:146 | 
Evaluating: DNN
2026-05-05 00:38:26,254 | Experiment | INFO | run_experiment:146 | 
Evaluating: Ensemble
2026-05-05 00:38:27,756 | Experiment | INFO | run_experiment:146 | 
Evaluating: Base Paper (DT)
2026-05-05 00:38:27,784 | Experiment | INFO | run_experiment:146 | 
Evaluating: Base Paper (KNN)
2026-05-05 00:38:27,926 | Experiment | INFO | run_experiment:151 | 
--- Standard Level Baselines ---
2026-05-05 00:38:28,072 | Experiment | INFO | run_experiment:157 | 
--- Iterative Compilation Baseline ---
2026-05-05 00:38:35,105 | Experiment | INFO | run_experiment:166 | 
--- Computing Speedups ---
2026-05-05 00:38:44,394 | Experiment | INFO | run_experiment:195 | 
--- Adaptability Analysis ---
2026-05-05 00:38:45,818 | Experiment | INFO | run_experiment:204 | Adaptability Score: 0.7167
2026-05-05 00:38:46,704 | Experiment | INFO | run_experiment:220 | 
==================================================
2026-05-05 00:38:46,705 | Experiment | INFO | run_experiment:221 | PHASE 4: COMPREHENSIVE RESULTS
2026-05-05 00:38:46,705 | Experiment | INFO | run_experiment:222 | ==================================================
2026-05-05 00:38:46,746 | Experiment | INFO | run_experiment:267 | 
==================================================
2026-05-05 00:38:46,747 | Experiment | INFO | run_experiment:268 | PHASE 5: GENERATING VISUALIZATIONS
2026-05-05 00:38:46,747 | Experiment | INFO | run_experiment:269 | ==================================================
2026-05-05 00:38:58,308 | Experiment | INFO | run_experiment:349 | 
==================================================
2026-05-05 00:38:58,309 | Experiment | INFO | run_experiment:350 | PHASE 6: STATISTICAL SIGNIFICANCE TESTING
2026-05-05 00:38:58,309 | Experiment | INFO | run_experiment:351 | ==================================================
2026-05-05 00:38:58,313 | Experiment | INFO | run_experiment:356 | Paired t-test (Our vs O3): t=-22.0020, p=0.000000, significant=True
2026-05-05 00:38:58,315 | Experiment | INFO | run_experiment:360 | Wilcoxon test: p=0.000000, significant=True
2026-05-05 00:38:58,366 | Experiment | INFO | run_experiment:364 | Bootstrap 95% CI for speedup difference: [-0.3065, -0.2574]
2026-05-05 00:38:58,366 | Experiment | INFO | run_experiment:368 | Cohen's d effect size: -4.0170
2026-05-05 00:38:58,369 | Experiment | INFO | run_experiment:420 | 
======================================================================
2026-05-05 00:38:58,369 | Experiment | INFO | run_experiment:421 |   EXPERIMENT COMPLETE
2026-05-05 00:38:58,370 | Experiment | INFO | run_experiment:422 |   Total time: 1357.04s
2026-05-05 00:38:58,370 | Experiment | INFO | run_experiment:423 |   Best model: Random Forest
2026-05-05 00:38:58,370 | Experiment | INFO | run_experiment:424 |   Best F1-macro: 0.3661
2026-05-05 00:38:58,370 | Experiment | INFO | run_experiment:425 |   Speedup vs O3: 0.7826x
2026-05-05 00:38:58,370 | Experiment | INFO | run_experiment:426 |   Adaptability: 0.7167
2026-05-05 00:38:58,371 | Experiment | INFO | run_experiment:427 |   Results saved to: result_real/
2026-05-05 00:38:58,371 | Experiment | INFO | run_experiment:428 | ======================================================================
