2026-05-04 00:17:21,382 | Experiment | INFO | run_experiment:66 | ======================================================================
2026-05-04 00:17:21,382 | Experiment | INFO | run_experiment:67 |   PREDICTIVE & PREFERENCE-AWARE COMPILER OPTIMIZATION EXPERIMENT
2026-05-04 00:17:21,382 | Experiment | INFO | run_experiment:68 |   M.Tech Project - NIT Tiruchirappalli
2026-05-04 00:17:21,382 | Experiment | INFO | run_experiment:69 | ======================================================================
2026-05-04 00:17:21,383 | Experiment | INFO | run_experiment:74 | 
==================================================
2026-05-04 00:17:21,383 | Experiment | INFO | run_experiment:75 | PHASE 1: DATASET GENERATION
2026-05-04 00:17:21,383 | Experiment | INFO | run_experiment:76 | ==================================================
2026-05-04 00:17:25,432 | Experiment | INFO | run_experiment:79 | Dataset: train=(21000, 95), val=(4500, 95), test=(4500, 95)
2026-05-04 00:17:25,433 | Experiment | INFO | run_experiment:84 | 
==================================================
2026-05-04 00:17:25,433 | Experiment | INFO | run_experiment:85 | PHASE 2: MODEL TRAINING
2026-05-04 00:17:25,433 | Experiment | INFO | run_experiment:86 | ==================================================
2026-05-04 00:17:25,433 | Experiment | INFO | run_experiment:89 | 
--- Random Forest ---
2026-05-04 00:24:08,300 | Experiment | INFO | run_experiment:94 | 
--- XGBoost ---
2026-05-04 00:24:25,210 | Experiment | INFO | run_experiment:99 | 
--- Deep Neural Network ---
2026-05-04 00:25:28,674 | Experiment | INFO | run_experiment:104 | 
--- Ensemble (RF + XGBoost + DNN) ---
2026-05-04 00:33:31,888 | Experiment | INFO | run_experiment:109 | 
--- Base Paper (Decision Tree) ---
2026-05-04 00:33:35,090 | Experiment | INFO | run_experiment:113 | 
--- Base Paper (KNN) ---
2026-05-04 00:33:36,054 | Experiment | INFO | run_experiment:120 | 
==================================================
2026-05-04 00:33:36,054 | Experiment | INFO | run_experiment:121 | PHASE 3: EVALUATION
2026-05-04 00:33:36,054 | Experiment | INFO | run_experiment:122 | ==================================================
2026-05-04 00:33:36,056 | Experiment | INFO | run_experiment:140 | 
Evaluating: Random Forest
2026-05-04 00:33:36,840 | Experiment | INFO | run_experiment:140 | 
Evaluating: XGBoost
2026-05-04 00:33:38,984 | Experiment | INFO | run_experiment:140 | 
Evaluating: DNN
2026-05-04 00:33:44,421 | Experiment | INFO | run_experiment:140 | 
Evaluating: Ensemble
2026-05-04 00:33:51,261 | Experiment | INFO | run_experiment:140 | 
Evaluating: Base Paper (DT)
2026-05-04 00:33:51,302 | Experiment | INFO | run_experiment:140 | 
Evaluating: Base Paper (KNN)
2026-05-04 00:33:52,307 | Experiment | INFO | run_experiment:145 | 
--- Standard Level Baselines ---
2026-05-04 00:33:52,404 | Experiment | INFO | run_experiment:151 | 
--- Iterative Compilation Baseline ---
2026-05-04 00:33:59,816 | Experiment | INFO | run_experiment:160 | 
--- Computing Speedups ---
2026-05-04 00:34:08,450 | Experiment | INFO | run_experiment:189 | 
--- Adaptability Analysis ---
2026-05-04 00:34:09,879 | Experiment | INFO | run_experiment:198 | Adaptability Score: 0.7889
2026-05-04 00:34:16,930 | Experiment | INFO | run_experiment:214 | 
==================================================
2026-05-04 00:34:16,930 | Experiment | INFO | run_experiment:215 | PHASE 4: COMPREHENSIVE RESULTS
2026-05-04 00:34:16,931 | Experiment | INFO | run_experiment:216 | ==================================================
