2026-03-29 12:52:31,814 | Experiment | INFO | run_experiment:66 | ======================================================================
2026-03-29 12:52:31,814 | Experiment | INFO | run_experiment:67 |   PREDICTIVE & PREFERENCE-AWARE COMPILER OPTIMIZATION EXPERIMENT
2026-03-29 12:52:31,814 | Experiment | INFO | run_experiment:68 |   M.Tech Project - NIT Tiruchirappalli
2026-03-29 12:52:31,814 | Experiment | INFO | run_experiment:69 | ======================================================================
2026-03-29 12:52:31,814 | Experiment | INFO | run_experiment:74 | 
==================================================
2026-03-29 12:52:31,815 | Experiment | INFO | run_experiment:75 | PHASE 1: DATASET GENERATION
2026-03-29 12:52:31,815 | Experiment | INFO | run_experiment:76 | ==================================================
2026-03-29 12:52:34,029 | Experiment | INFO | run_experiment:79 | Dataset: train=(944, 69), val=(202, 69), test=(204, 69)
2026-03-29 12:52:34,030 | Experiment | INFO | run_experiment:84 | 
==================================================
2026-03-29 12:52:34,030 | Experiment | INFO | run_experiment:85 | PHASE 2: MODEL TRAINING
2026-03-29 12:52:34,030 | Experiment | INFO | run_experiment:86 | ==================================================
2026-03-29 12:52:34,030 | Experiment | INFO | run_experiment:89 | 
--- Random Forest ---
2026-03-29 12:52:41,935 | Experiment | INFO | run_experiment:94 | 
--- XGBoost ---
2026-03-29 12:52:42,300 | Experiment | INFO | run_experiment:99 | 
--- Deep Neural Network ---
2026-03-29 12:52:42,399 | Experiment | INFO | run_experiment:104 | 
--- Ensemble (RF + XGBoost + DNN) ---
2026-03-29 12:52:52,923 | Experiment | INFO | run_experiment:109 | 
--- Base Paper (Decision Tree) ---
2026-03-29 12:52:53,036 | Experiment | INFO | run_experiment:113 | 
--- Base Paper (KNN) ---
2026-03-29 12:52:53,150 | Experiment | INFO | run_experiment:120 | 
==================================================
2026-03-29 12:52:53,150 | Experiment | INFO | run_experiment:121 | PHASE 3: EVALUATION
2026-03-29 12:52:53,150 | Experiment | INFO | run_experiment:122 | ==================================================
2026-03-29 12:52:53,156 | Experiment | INFO | run_experiment:140 | 
Evaluating: Random Forest
2026-03-29 12:52:53,313 | Experiment | INFO | run_experiment:140 | 
Evaluating: XGBoost
