2026-05-03 20:04:45,250 | Experiment | INFO | run_experiment:66 | ======================================================================
2026-05-03 20:04:45,250 | Experiment | INFO | run_experiment:67 |   PREDICTIVE & PREFERENCE-AWARE COMPILER OPTIMIZATION EXPERIMENT
2026-05-03 20:04:45,251 | Experiment | INFO | run_experiment:68 |   M.Tech Project - NIT Tiruchirappalli
2026-05-03 20:04:45,251 | Experiment | INFO | run_experiment:69 | ======================================================================
2026-05-03 20:04:45,251 | Experiment | INFO | run_experiment:74 | 
==================================================
2026-05-03 20:04:45,251 | Experiment | INFO | run_experiment:75 | PHASE 1: DATASET GENERATION
2026-05-03 20:04:45,251 | Experiment | INFO | run_experiment:76 | ==================================================
2026-05-03 20:04:48,103 | Experiment | INFO | run_experiment:79 | Dataset: train=(1260, 95), val=(270, 95), test=(270, 95)
2026-05-03 20:04:48,103 | Experiment | INFO | run_experiment:84 | 
==================================================
2026-05-03 20:04:48,104 | Experiment | INFO | run_experiment:85 | PHASE 2: MODEL TRAINING
2026-05-03 20:04:48,104 | Experiment | INFO | run_experiment:86 | ==================================================
2026-05-03 20:04:48,105 | Experiment | INFO | run_experiment:89 | 
--- Random Forest ---
2026-05-03 20:05:10,530 | Experiment | INFO | run_experiment:94 | 
--- XGBoost ---
2026-05-03 20:05:12,811 | Experiment | INFO | run_experiment:99 | 
--- Deep Neural Network ---
2026-05-03 20:05:13,378 | Experiment | INFO | run_experiment:104 | 
--- Ensemble (RF + XGBoost + DNN) ---
2026-05-03 20:05:43,098 | Experiment | INFO | run_experiment:109 | 
--- Base Paper (Decision Tree) ---
2026-05-03 20:05:43,331 | Experiment | INFO | run_experiment:113 | 
--- Base Paper (KNN) ---
2026-05-03 20:05:43,476 | Experiment | INFO | run_experiment:120 | 
==================================================
2026-05-03 20:05:43,476 | Experiment | INFO | run_experiment:121 | PHASE 3: EVALUATION
2026-05-03 20:05:43,477 | Experiment | INFO | run_experiment:122 | ==================================================
2026-05-03 20:05:43,479 | Experiment | INFO | run_experiment:140 | 
Evaluating: Random Forest
2026-05-03 20:05:43,802 | Experiment | INFO | run_experiment:140 | 
Evaluating: XGBoost
2026-05-03 20:05:44,044 | Experiment | INFO | run_experiment:140 | 
Evaluating: DNN
2026-05-03 20:05:44,150 | Experiment | INFO | run_experiment:140 | 
Evaluating: Ensemble
2026-05-03 20:05:44,658 | Experiment | INFO | run_experiment:140 | 
Evaluating: Base Paper (DT)
2026-05-03 20:05:44,693 | Experiment | INFO | run_experiment:140 | 
Evaluating: Base Paper (KNN)
2026-05-03 20:05:44,749 | Experiment | INFO | run_experiment:145 | 
--- Standard Level Baselines ---
2026-05-03 20:05:44,827 | Experiment | INFO | run_experiment:151 | 
--- Iterative Compilation Baseline ---
2026-05-03 20:05:52,673 | Experiment | INFO | run_experiment:160 | 
--- Computing Speedups ---
2026-05-03 20:06:01,796 | Experiment | INFO | run_experiment:189 | 
--- Adaptability Analysis ---
2026-05-03 20:06:03,266 | Experiment | INFO | run_experiment:198 | Adaptability Score: 0.5333
2026-05-03 20:06:03,938 | Experiment | INFO | run_experiment:214 | 
==================================================
2026-05-03 20:06:03,939 | Experiment | INFO | run_experiment:215 | PHASE 4: COMPREHENSIVE RESULTS
2026-05-03 20:06:03,939 | Experiment | INFO | run_experiment:216 | ==================================================
2026-05-03 20:06:03,983 | Experiment | INFO | run_experiment:260 | 
==================================================
2026-05-03 20:06:03,983 | Experiment | INFO | run_experiment:261 | PHASE 5: GENERATING VISUALIZATIONS
2026-05-03 20:06:03,983 | Experiment | INFO | run_experiment:262 | ==================================================
2026-05-03 20:06:15,813 | Experiment | INFO | run_experiment:341 | 
==================================================
2026-05-03 20:06:15,814 | Experiment | INFO | run_experiment:342 | PHASE 6: STATISTICAL SIGNIFICANCE TESTING
2026-05-03 20:06:15,815 | Experiment | INFO | run_experiment:343 | ==================================================
2026-05-03 20:06:15,821 | Experiment | INFO | run_experiment:348 | Paired t-test (Our vs O3): t=-19.4851, p=0.000000, significant=True
2026-05-03 20:06:15,824 | Experiment | INFO | run_experiment:352 | Wilcoxon test: p=0.000000, significant=True
2026-05-03 20:06:15,884 | Experiment | INFO | run_experiment:356 | Bootstrap 95% CI for speedup difference: [-0.3153, -0.2578]
2026-05-03 20:06:15,885 | Experiment | INFO | run_experiment:360 | Cohen's d effect size: -3.5575
2026-05-03 20:06:15,888 | Experiment | INFO | run_experiment:404 | 
======================================================================
2026-05-03 20:06:15,888 | Experiment | INFO | run_experiment:405 |   EXPERIMENT COMPLETE
2026-05-03 20:06:15,889 | Experiment | INFO | run_experiment:406 |   Total time: 90.64s
2026-05-03 20:06:15,889 | Experiment | INFO | run_experiment:407 |   Best model: XGBoost
2026-05-03 20:06:15,890 | Experiment | INFO | run_experiment:408 |   Best F1-macro: 0.7855
2026-05-03 20:06:15,891 | Experiment | INFO | run_experiment:409 |   Speedup vs O3: 0.7826x
2026-05-03 20:06:15,892 | Experiment | INFO | run_experiment:410 |   Adaptability: 0.5333
2026-05-03 20:06:15,893 | Experiment | INFO | run_experiment:411 |   Results saved to: results/
2026-05-03 20:06:15,894 | Experiment | INFO | run_experiment:412 | ======================================================================
