2026-03-29 12:48:38,316 | Experiment | INFO | run_experiment:66 | ======================================================================
2026-03-29 12:48:38,317 | Experiment | INFO | run_experiment:67 |   PREDICTIVE & PREFERENCE-AWARE COMPILER OPTIMIZATION EXPERIMENT
2026-03-29 12:48:38,317 | Experiment | INFO | run_experiment:68 |   M.Tech Project - NIT Tiruchirappalli
2026-03-29 12:48:38,317 | Experiment | INFO | run_experiment:69 | ======================================================================
2026-03-29 12:48:38,317 | Experiment | INFO | run_experiment:74 | 
==================================================
2026-03-29 12:48:38,317 | Experiment | INFO | run_experiment:75 | PHASE 1: DATASET GENERATION
2026-03-29 12:48:38,317 | Experiment | INFO | run_experiment:76 | ==================================================
2026-03-29 12:48:40,536 | Experiment | INFO | run_experiment:79 | Dataset: train=(944, 69), val=(202, 69), test=(204, 69)
2026-03-29 12:48:40,536 | Experiment | INFO | run_experiment:84 | 
==================================================
2026-03-29 12:48:40,536 | Experiment | INFO | run_experiment:85 | PHASE 2: MODEL TRAINING
2026-03-29 12:48:40,536 | Experiment | INFO | run_experiment:86 | ==================================================
2026-03-29 12:48:40,536 | Experiment | INFO | run_experiment:89 | 
--- Random Forest ---
2026-03-29 12:48:49,464 | Experiment | INFO | run_experiment:94 | 
--- XGBoost ---
2026-03-29 12:49:19,575 | Experiment | INFO | run_experiment:99 | 
--- Deep Neural Network ---
2026-03-29 12:49:22,528 | Experiment | INFO | run_experiment:104 | 
--- Ensemble (RF + XGBoost + DNN) ---
2026-03-29 12:50:05,097 | Experiment | INFO | run_experiment:109 | 
--- Base Paper (Decision Tree) ---
2026-03-29 12:50:05,196 | Experiment | INFO | run_experiment:113 | 
--- Base Paper (KNN) ---
2026-03-29 12:50:05,337 | Experiment | INFO | run_experiment:120 | 
==================================================
2026-03-29 12:50:05,337 | Experiment | INFO | run_experiment:121 | PHASE 3: EVALUATION
2026-03-29 12:50:05,338 | Experiment | INFO | run_experiment:122 | ==================================================
2026-03-29 12:50:05,339 | Experiment | INFO | run_experiment:140 | 
Evaluating: Random Forest
2026-03-29 12:50:05,497 | Experiment | INFO | run_experiment:140 | 
Evaluating: XGBoost
