2026-05-03 20:11:57,172 | Experiment | INFO | run_experiment:66 | ======================================================================
2026-05-03 20:11:57,173 | Experiment | INFO | run_experiment:67 |   PREDICTIVE & PREFERENCE-AWARE COMPILER OPTIMIZATION EXPERIMENT
2026-05-03 20:11:57,173 | Experiment | INFO | run_experiment:68 |   M.Tech Project - NIT Tiruchirappalli
2026-05-03 20:11:57,173 | Experiment | INFO | run_experiment:69 | ======================================================================
2026-05-03 20:11:57,173 | Experiment | INFO | run_experiment:74 | 
==================================================
2026-05-03 20:11:57,174 | Experiment | INFO | run_experiment:75 | PHASE 1: DATASET GENERATION
2026-05-03 20:11:57,174 | Experiment | INFO | run_experiment:76 | ==================================================
2026-05-03 20:12:00,038 | Experiment | INFO | run_experiment:79 | Dataset: train=(4620, 95), val=(990, 95), test=(990, 95)
2026-05-03 20:12:00,038 | Experiment | INFO | run_experiment:84 | 
==================================================
2026-05-03 20:12:00,038 | Experiment | INFO | run_experiment:85 | PHASE 2: MODEL TRAINING
2026-05-03 20:12:00,039 | Experiment | INFO | run_experiment:86 | ==================================================
2026-05-03 20:12:00,039 | Experiment | INFO | run_experiment:89 | 
--- Random Forest ---
2026-05-03 20:13:12,264 | Experiment | INFO | run_experiment:94 | 
--- XGBoost ---
2026-05-03 20:13:16,207 | Experiment | INFO | run_experiment:99 | 
--- Deep Neural Network ---
2026-05-03 20:13:20,183 | Experiment | INFO | run_experiment:104 | 
--- Ensemble (RF + XGBoost + DNN) ---
2026-05-03 20:14:52,161 | Experiment | INFO | run_experiment:109 | 
--- Base Paper (Decision Tree) ---
2026-05-03 20:14:53,136 | Experiment | INFO | run_experiment:113 | 
--- Base Paper (KNN) ---
2026-05-03 20:14:53,346 | Experiment | INFO | run_experiment:120 | 
==================================================
2026-05-03 20:14:53,346 | Experiment | INFO | run_experiment:121 | PHASE 3: EVALUATION
2026-05-03 20:14:53,347 | Experiment | INFO | run_experiment:122 | ==================================================
2026-05-03 20:14:53,350 | Experiment | INFO | run_experiment:140 | 
Evaluating: Random Forest
2026-05-03 20:14:53,776 | Experiment | INFO | run_experiment:140 | 
Evaluating: XGBoost
2026-05-03 20:14:54,280 | Experiment | INFO | run_experiment:140 | 
Evaluating: DNN
2026-05-03 20:14:54,834 | Experiment | INFO | run_experiment:140 | 
Evaluating: Ensemble
2026-05-03 20:14:55,988 | Experiment | INFO | run_experiment:140 | 
Evaluating: Base Paper (DT)
2026-05-03 20:14:56,027 | Experiment | INFO | run_experiment:140 | 
Evaluating: Base Paper (KNN)
2026-05-03 20:14:56,156 | Experiment | INFO | run_experiment:145 | 
--- Standard Level Baselines ---
2026-05-03 20:14:56,234 | Experiment | INFO | run_experiment:151 | 
--- Iterative Compilation Baseline ---
2026-05-03 20:15:04,094 | Experiment | INFO | run_experiment:160 | 
--- Computing Speedups ---
2026-05-03 20:15:13,642 | Experiment | INFO | run_experiment:189 | 
--- Adaptability Analysis ---
2026-05-03 20:15:15,171 | Experiment | INFO | run_experiment:198 | Adaptability Score: 0.6667
2026-05-03 20:15:16,264 | Experiment | INFO | run_experiment:214 | 
==================================================
2026-05-03 20:15:16,264 | Experiment | INFO | run_experiment:215 | PHASE 4: COMPREHENSIVE RESULTS
2026-05-03 20:15:16,265 | Experiment | INFO | run_experiment:216 | ==================================================
2026-05-03 20:15:16,317 | Experiment | INFO | run_experiment:260 | 
==================================================
2026-05-03 20:15:16,317 | Experiment | INFO | run_experiment:261 | PHASE 5: GENERATING VISUALIZATIONS
2026-05-03 20:15:16,318 | Experiment | INFO | run_experiment:262 | ==================================================
2026-05-03 20:15:30,168 | Experiment | INFO | run_experiment:341 | 
==================================================
2026-05-03 20:15:30,168 | Experiment | INFO | run_experiment:342 | PHASE 6: STATISTICAL SIGNIFICANCE TESTING
2026-05-03 20:15:30,168 | Experiment | INFO | run_experiment:343 | ==================================================
2026-05-03 20:15:30,170 | Experiment | INFO | run_experiment:348 | Paired t-test (Our vs O3): t=-19.4052, p=0.000000, significant=True
2026-05-03 20:15:30,174 | Experiment | INFO | run_experiment:352 | Wilcoxon test: p=0.000000, significant=True
2026-05-03 20:15:30,290 | Experiment | INFO | run_experiment:356 | Bootstrap 95% CI for speedup difference: [-0.3195, -0.2613]
2026-05-03 20:15:30,291 | Experiment | INFO | run_experiment:360 | Cohen's d effect size: -3.5429
2026-05-03 20:15:30,292 | Experiment | INFO | run_experiment:404 | 
======================================================================
2026-05-03 20:15:30,292 | Experiment | INFO | run_experiment:405 |   EXPERIMENT COMPLETE
2026-05-03 20:15:30,293 | Experiment | INFO | run_experiment:406 |   Total time: 213.12s
2026-05-03 20:15:30,293 | Experiment | INFO | run_experiment:407 |   Best model: DNN
2026-05-03 20:15:30,294 | Experiment | INFO | run_experiment:408 |   Best F1-macro: 0.9960
2026-05-03 20:15:30,294 | Experiment | INFO | run_experiment:409 |   Speedup vs O3: 0.7798x
2026-05-03 20:15:30,295 | Experiment | INFO | run_experiment:410 |   Adaptability: 0.6667
2026-05-03 20:15:30,297 | Experiment | INFO | run_experiment:411 |   Results saved to: results/
2026-05-03 20:15:30,297 | Experiment | INFO | run_experiment:412 | ======================================================================
