2026-05-03 19:50:23,517 | Experiment | INFO | run_experiment:66 | ======================================================================
2026-05-03 19:50:23,517 | Experiment | INFO | run_experiment:67 |   PREDICTIVE & PREFERENCE-AWARE COMPILER OPTIMIZATION EXPERIMENT
2026-05-03 19:50:23,517 | Experiment | INFO | run_experiment:68 |   M.Tech Project - NIT Tiruchirappalli
2026-05-03 19:50:23,517 | Experiment | INFO | run_experiment:69 | ======================================================================
2026-05-03 19:50:23,518 | Experiment | INFO | run_experiment:74 | 
==================================================
2026-05-03 19:50:23,518 | Experiment | INFO | run_experiment:75 | PHASE 1: DATASET GENERATION
2026-05-03 19:50:23,518 | Experiment | INFO | run_experiment:76 | ==================================================
2026-05-03 19:50:26,826 | Experiment | INFO | run_experiment:79 | Dataset: train=(944, 92), val=(202, 92), test=(204, 92)
2026-05-03 19:50:26,826 | Experiment | INFO | run_experiment:84 | 
==================================================
2026-05-03 19:50:26,826 | Experiment | INFO | run_experiment:85 | PHASE 2: MODEL TRAINING
2026-05-03 19:50:26,827 | Experiment | INFO | run_experiment:86 | ==================================================
2026-05-03 19:50:26,827 | Experiment | INFO | run_experiment:89 | 
--- Random Forest ---
2026-05-03 19:50:43,463 | Experiment | INFO | run_experiment:94 | 
--- XGBoost ---
2026-05-03 19:50:45,658 | Experiment | INFO | run_experiment:99 | 
--- Deep Neural Network ---
2026-05-03 19:50:46,011 | Experiment | INFO | run_experiment:104 | 
--- Ensemble (RF + XGBoost + DNN) ---
2026-05-03 19:51:04,209 | Experiment | INFO | run_experiment:109 | 
--- Base Paper (Decision Tree) ---
2026-05-03 19:51:04,380 | Experiment | INFO | run_experiment:113 | 
--- Base Paper (KNN) ---
2026-05-03 19:51:04,508 | Experiment | INFO | run_experiment:120 | 
==================================================
2026-05-03 19:51:04,508 | Experiment | INFO | run_experiment:121 | PHASE 3: EVALUATION
2026-05-03 19:51:04,517 | Experiment | INFO | run_experiment:122 | ==================================================
2026-05-03 19:51:04,523 | Experiment | INFO | run_experiment:140 | 
Evaluating: Random Forest
2026-05-03 19:51:05,000 | Experiment | INFO | run_experiment:140 | 
Evaluating: XGBoost
2026-05-03 19:51:05,359 | Experiment | INFO | run_experiment:140 | 
Evaluating: DNN
2026-05-03 19:51:05,418 | Experiment | INFO | run_experiment:140 | 
Evaluating: Ensemble
2026-05-03 19:51:05,930 | Experiment | INFO | run_experiment:140 | 
Evaluating: Base Paper (DT)
2026-05-03 19:51:05,965 | Experiment | INFO | run_experiment:140 | 
Evaluating: Base Paper (KNN)
2026-05-03 19:51:06,018 | Experiment | INFO | run_experiment:145 | 
--- Standard Level Baselines ---
2026-05-03 19:51:06,187 | Experiment | INFO | run_experiment:151 | 
--- Iterative Compilation Baseline ---
2026-05-03 19:51:13,801 | Experiment | INFO | run_experiment:160 | 
--- Computing Speedups ---
2026-05-03 19:51:22,698 | Experiment | INFO | run_experiment:189 | 
--- Adaptability Analysis ---
2026-05-03 19:51:24,322 | Experiment | INFO | run_experiment:198 | Adaptability Score: 0.7111
2026-05-03 19:51:24,805 | Experiment | INFO | run_experiment:214 | 
==================================================
2026-05-03 19:51:24,805 | Experiment | INFO | run_experiment:215 | PHASE 4: COMPREHENSIVE RESULTS
2026-05-03 19:51:24,805 | Experiment | INFO | run_experiment:216 | ==================================================
2026-05-03 19:51:24,846 | Experiment | INFO | run_experiment:260 | 
==================================================
2026-05-03 19:51:24,846 | Experiment | INFO | run_experiment:261 | PHASE 5: GENERATING VISUALIZATIONS
2026-05-03 19:51:24,846 | Experiment | INFO | run_experiment:262 | ==================================================
2026-05-03 19:51:30,146 | Experiment | WARNING | run_experiment:310 | Could not plot feature importance: list index out of range
