2026-03-07 14:24:35,805 | Experiment | INFO | run_experiment:66 | ======================================================================
2026-03-07 14:24:35,806 | Experiment | INFO | run_experiment:67 |   PREDICTIVE & PREFERENCE-AWARE COMPILER OPTIMIZATION EXPERIMENT
2026-03-07 14:24:35,807 | Experiment | INFO | run_experiment:68 |   M.Tech Project - NIT Tiruchirappalli
2026-03-07 14:24:35,807 | Experiment | INFO | run_experiment:69 | ======================================================================
2026-03-07 14:24:35,807 | Experiment | INFO | run_experiment:74 | 
==================================================
2026-03-07 14:24:35,807 | Experiment | INFO | run_experiment:75 | PHASE 1: DATASET GENERATION
2026-03-07 14:24:35,807 | Experiment | INFO | run_experiment:76 | ==================================================
2026-03-07 14:24:38,896 | Experiment | INFO | run_experiment:79 | Dataset: train=(944, 69), val=(202, 69), test=(204, 69)
2026-03-07 14:24:38,897 | Experiment | INFO | run_experiment:84 | 
==================================================
2026-03-07 14:24:38,897 | Experiment | INFO | run_experiment:85 | PHASE 2: MODEL TRAINING
2026-03-07 14:24:38,898 | Experiment | INFO | run_experiment:86 | ==================================================
2026-03-07 14:24:38,898 | Experiment | INFO | run_experiment:89 | 
--- Random Forest ---
2026-03-07 14:24:52,412 | Experiment | INFO | run_experiment:94 | 
--- XGBoost ---
2026-03-07 14:25:54,781 | Experiment | INFO | run_experiment:99 | 
--- Deep Neural Network ---
2026-03-07 14:26:02,135 | Experiment | INFO | run_experiment:104 | 
--- Ensemble (RF + XGBoost + DNN) ---
2026-03-07 14:27:28,682 | Experiment | INFO | run_experiment:109 | 
--- Base Paper (Decision Tree) ---
2026-03-07 14:27:28,863 | Experiment | INFO | run_experiment:113 | 
--- Base Paper (KNN) ---
2026-03-07 14:27:29,143 | Experiment | INFO | run_experiment:120 | 
==================================================
2026-03-07 14:27:29,143 | Experiment | INFO | run_experiment:121 | PHASE 3: EVALUATION
2026-03-07 14:27:29,144 | Experiment | INFO | run_experiment:122 | ==================================================
2026-03-07 14:27:29,147 | Experiment | INFO | run_experiment:140 | 
Evaluating: Random Forest
2026-03-07 14:27:29,368 | Experiment | INFO | run_experiment:140 | 
Evaluating: XGBoost
2026-03-07 14:27:29,441 | Experiment | INFO | run_experiment:140 | 
Evaluating: DNN
2026-03-07 14:27:29,492 | Experiment | INFO | run_experiment:140 | 
Evaluating: Ensemble
2026-03-07 14:27:29,711 | Experiment | INFO | run_experiment:140 | 
Evaluating: Base Paper (DT)
2026-03-07 14:27:29,761 | Experiment | INFO | run_experiment:140 | 
Evaluating: Base Paper (KNN)
2026-03-07 14:27:29,865 | Experiment | INFO | run_experiment:145 | 
--- Standard Level Baselines ---
2026-03-07 14:27:29,994 | Experiment | INFO | run_experiment:151 | 
--- Iterative Compilation Baseline ---
2026-03-07 14:27:45,709 | Experiment | INFO | run_experiment:160 | 
--- Computing Speedups ---
2026-03-07 14:27:48,732 | Experiment | INFO | run_experiment:189 | 
--- Adaptability Analysis ---
2026-03-07 14:27:49,312 | Experiment | INFO | run_experiment:198 | Adaptability Score: 0.7389
2026-03-07 14:27:49,487 | Experiment | INFO | run_experiment:214 | 
==================================================
2026-03-07 14:27:49,488 | Experiment | INFO | run_experiment:215 | PHASE 4: COMPREHENSIVE RESULTS
2026-03-07 14:27:49,490 | Experiment | INFO | run_experiment:216 | ==================================================
2026-03-07 14:27:49,600 | Experiment | INFO | run_experiment:260 | 
==================================================
2026-03-07 14:27:49,600 | Experiment | INFO | run_experiment:261 | PHASE 5: GENERATING VISUALIZATIONS
2026-03-07 14:27:49,600 | Experiment | INFO | run_experiment:262 | ==================================================
2026-03-07 14:28:16,606 | Experiment | INFO | run_experiment:341 | 
==================================================
2026-03-07 14:28:16,607 | Experiment | INFO | run_experiment:342 | PHASE 6: STATISTICAL SIGNIFICANCE TESTING
2026-03-07 14:28:16,607 | Experiment | INFO | run_experiment:343 | ==================================================
2026-03-07 14:28:16,617 | Experiment | INFO | run_experiment:348 | Paired t-test (Our vs O3): t=-12.7594, p=0.000000, significant=True
2026-03-07 14:28:16,624 | Experiment | INFO | run_experiment:352 | Wilcoxon test: p=0.000000, significant=True
2026-03-07 14:28:16,737 | Experiment | INFO | run_experiment:356 | Bootstrap 95% CI for speedup difference: [-0.2749, -0.1996]
2026-03-07 14:28:16,747 | Experiment | INFO | run_experiment:360 | Cohen's d effect size: -2.3295
2026-03-07 14:28:16,762 | Experiment | INFO | run_experiment:404 | 
======================================================================
2026-03-07 14:28:16,763 | Experiment | INFO | run_experiment:405 |   EXPERIMENT COMPLETE
2026-03-07 14:28:16,763 | Experiment | INFO | run_experiment:406 |   Total time: 220.94s
2026-03-07 14:28:16,768 | Experiment | INFO | run_experiment:407 |   Best model: DNN
2026-03-07 14:28:16,779 | Experiment | INFO | run_experiment:408 |   Best F1-macro: 0.9006
2026-03-07 14:28:16,779 | Experiment | INFO | run_experiment:409 |   Speedup vs O3: 0.8124x
2026-03-07 14:28:16,779 | Experiment | INFO | run_experiment:410 |   Adaptability: 0.7389
2026-03-07 14:28:16,779 | Experiment | INFO | run_experiment:411 |   Results saved to: results/
2026-03-07 14:28:16,794 | Experiment | INFO | run_experiment:412 | ======================================================================
