2026-03-07 14:20:12,174 | Experiment | INFO | run_experiment:52 | ======================================================================
2026-03-07 14:20:12,176 | Experiment | INFO | run_experiment:53 |   PREDICTIVE & PREFERENCE-AWARE COMPILER OPTIMIZATION EXPERIMENT
2026-03-07 14:20:12,177 | Experiment | INFO | run_experiment:54 |   M.Tech Project - NIT Tiruchirappalli
2026-03-07 14:20:12,177 | Experiment | INFO | run_experiment:55 | ======================================================================
2026-03-07 14:20:12,178 | Experiment | INFO | run_experiment:60 | 
==================================================
2026-03-07 14:20:12,178 | Experiment | INFO | run_experiment:61 | PHASE 1: DATASET GENERATION
2026-03-07 14:20:12,179 | Experiment | INFO | run_experiment:62 | ==================================================
2026-03-07 14:20:16,503 | Experiment | INFO | run_experiment:65 | Dataset: train=(944, 69), val=(202, 69), test=(204, 69)
2026-03-07 14:20:16,503 | Experiment | INFO | run_experiment:70 | 
==================================================
2026-03-07 14:20:16,504 | Experiment | INFO | run_experiment:71 | PHASE 2: MODEL TRAINING
2026-03-07 14:20:16,504 | Experiment | INFO | run_experiment:72 | ==================================================
2026-03-07 14:20:16,505 | Experiment | INFO | run_experiment:75 | 
--- Random Forest ---
2026-03-07 14:20:28,090 | Experiment | INFO | run_experiment:80 | 
--- XGBoost ---
2026-03-07 14:21:18,333 | Experiment | INFO | run_experiment:85 | 
--- Deep Neural Network ---
2026-03-07 14:21:26,478 | Experiment | INFO | run_experiment:90 | 
--- Ensemble (RF + XGBoost + DNN) ---
2026-03-07 14:22:32,268 | Experiment | INFO | run_experiment:95 | 
--- Base Paper (Decision Tree) ---
2026-03-07 14:22:32,401 | Experiment | INFO | run_experiment:99 | 
--- Base Paper (KNN) ---
2026-03-07 14:22:32,633 | Experiment | INFO | run_experiment:106 | 
==================================================
2026-03-07 14:22:32,633 | Experiment | INFO | run_experiment:107 | PHASE 3: EVALUATION
2026-03-07 14:22:32,633 | Experiment | INFO | run_experiment:108 | ==================================================
2026-03-07 14:22:32,636 | Experiment | INFO | run_experiment:126 | 
Evaluating: Random Forest
2026-03-07 14:22:32,855 | Experiment | INFO | run_experiment:126 | 
Evaluating: XGBoost
2026-03-07 14:22:32,907 | Experiment | INFO | run_experiment:126 | 
Evaluating: DNN
2026-03-07 14:22:32,997 | Experiment | INFO | run_experiment:126 | 
Evaluating: Ensemble
2026-03-07 14:22:33,278 | Experiment | INFO | run_experiment:126 | 
Evaluating: Base Paper (DT)
2026-03-07 14:22:33,324 | Experiment | INFO | run_experiment:126 | 
Evaluating: Base Paper (KNN)
2026-03-07 14:22:33,389 | Experiment | INFO | run_experiment:131 | 
--- Standard Level Baselines ---
2026-03-07 14:22:33,514 | Experiment | INFO | run_experiment:137 | 
--- Iterative Compilation Baseline ---
2026-03-07 14:22:47,714 | Experiment | INFO | run_experiment:146 | 
--- Computing Speedups ---
2026-03-07 14:22:50,989 | Experiment | INFO | run_experiment:175 | 
--- Adaptability Analysis ---
2026-03-07 14:22:51,551 | Experiment | INFO | run_experiment:184 | Adaptability Score: 0.7833
2026-03-07 14:22:51,848 | Experiment | INFO | run_experiment:200 | 
==================================================
2026-03-07 14:22:51,848 | Experiment | INFO | run_experiment:201 | PHASE 4: COMPREHENSIVE RESULTS
2026-03-07 14:22:51,849 | Experiment | INFO | run_experiment:202 | ==================================================
2026-03-07 14:22:52,039 | Experiment | INFO | run_experiment:246 | 
==================================================
2026-03-07 14:22:52,039 | Experiment | INFO | run_experiment:247 | PHASE 5: GENERATING VISUALIZATIONS
2026-03-07 14:22:52,039 | Experiment | INFO | run_experiment:248 | ==================================================
2026-03-07 14:23:21,709 | Experiment | INFO | run_experiment:327 | 
==================================================
2026-03-07 14:23:21,709 | Experiment | INFO | run_experiment:328 | PHASE 6: STATISTICAL SIGNIFICANCE TESTING
2026-03-07 14:23:21,710 | Experiment | INFO | run_experiment:329 | ==================================================
2026-03-07 14:23:21,720 | Experiment | INFO | run_experiment:334 | Paired t-test (Our vs O3): t=-13.2982, p=0.000000, significant=True
2026-03-07 14:23:21,733 | Experiment | INFO | run_experiment:338 | Wilcoxon test: p=0.000000, significant=True
2026-03-07 14:23:21,859 | Experiment | INFO | run_experiment:342 | Bootstrap 95% CI for speedup difference: [-0.3114, -0.2352]
2026-03-07 14:23:21,859 | Experiment | INFO | run_experiment:346 | Cohen's d effect size: -2.4279
